#
# A fatal error has been detected by the Java Runtime Environment:
#
#  SIGSEGV (0xb) at pc=0x00007f5625069cba, pid=22571, tid=0x00007f56048d7700
#
# JRE version: Java(TM) SE Runtime Environment (8.0_161-b12) (build 1.8.0_161-b12)
# Java VM: Java HotSpot(TM) 64-Bit Server VM (25.161-b12 mixed mode linux-amd64 compressed oops)
# Problematic frame:
# v  ~BufferBlob::jni_fast_GetLongField
#
# Failed to write core dump. Core dumps have been disabled. To enable core dumping, try "ulimit -c unlimited" before starting Java again
#
# If you would like to submit a bug report, please visit:
#   http://bugreport.java.com/bugreport/crash.jsp
# The crash happened outside the Java Virtual Machine in native code.
# See problematic frame for where to report the bug.
#

---------------  T H R E A D  ---------------

Current thread (0x00007f56343b2000):  JavaThread "AWT-XAWT" daemon [_thread_in_native, id=22594, stack(0x00007f56047d7000,0x00007f56048d8000)]

siginfo: si_signo: 11 (SIGSEGV), si_code: 1 (SEGV_MAPERR), si_addr: 0x0000000000000000

Registers:
RAX=0x00007f563c07ab80, RBX=0x00007f56343b21f8, RCX=0x00007f563cae32c0, RDX=0x0000000000000042
RSP=0x00007f56048d64b8, RBP=0x00007f56048d64e0, RSI=0x0000000000000000, RDI=0x00007f56343b21f8
R8 =0x00000000d912efe6, R9 =0x0000000000000000, R10=0x00000000000000fe, R11=0x00007f562513de18
R12=0x00007f55ac1279d0, R13=0x0000000000000000, R14=0x00007f560d820820, R15=0x00007f56343b2000
RIP=0x00007f5625069cba, EFLAGS=0x0000000000010246, CSGSFS=0x0000000000000033, ERR=0x0000000000000004
  TRAPNO=0x000000000000000e

Top of Stack: (sp=0x00007f56048d64b8)
0x00007f56048d64b8:   00007f560d5ff001 00007f5624cf3640
0x00007f56048d64c8:   00007f55ac1279d0 00007f56048d6590
0x00007f56048d64d8:   00007f56048d6560 0000000000000000
0x00007f56048d64e8:   00007f560d0e03c0 00007f5624cf3640
0x00007f56048d64f8:   00007f56048d6520 0000000000000000
0x00007f56048d6508:   00007f560d0d7f93 00007f56048d6590
0x00007f56048d6518:   00007f560d5f823f 00007f56048d6570
0x00007f56048d6528:   00007f562513deb6 0000000000000000
0x00007f56048d6538:   00007f562577b876 00007f56048d6590
0x00007f56048d6548:   00007f5625178e2c 00007f56048d65f0
0x00007f56048d6558:   00000006c8b61210 00000006c77b7a38
0x00007f56048d6568:   0000000000000031 00007f56048d65f0
0x00007f56048d6578:   00007f5625007a90 00007f56048d65f0
0x00007f56048d6588:   00007f5625007a90 0000000000000000
0x00007f56048d6598:   00007f5625007dd0 00007f55c0000e30
0x00007f56048d65a8:   00000006c77b89a0 00007f56048d65b0
0x00007f56048d65b8:   00007f5624cd387c 00007f56048d6638
0x00007f56048d65c8:   00007f5624cdc820 0000000000000000
0x00007f56048d65d8:   00007f5624cd39b8 00007f56048d6590
0x00007f56048d65e8:   00007f56048d6630 00007f56048d6680
0x00007f56048d65f8:   00007f56250082bd 0000000000000000
0x00007f56048d6608:   0000000000000000 0000000000000000
0x00007f56048d6618:   0000000000000000 0000000000000000
0x00007f56048d6628:   00000006c77b89a0 0000000000000000
0x00007f56048d6638:   00000006c892d228 00007f56048d6640
0x00007f56048d6648:   00007f5624cd36bd 00007f56048d6690
0x00007f56048d6658:   00007f5624cdc820 0000000000000000
0x00007f56048d6668:   00007f5624cd36c8 00007f56048d6630
0x00007f56048d6678:   00007f56048d6690 00007f56048d66d8
0x00007f56048d6688:   00007f5625008302 00000006c892d228
0x00007f56048d6698:   00007f56048d6698 00007f562482d99b
0x00007f56048d66a8:   00007f56048d66e8 00007f56248b5268 

Instructions: (pc=0x00007f5625069cba)
0x00007f5625069c9a:   00 00 00 00 00 00 44 8b 15 e1 09 05 17 4c 8b ce
0x00007f5625069caa:   41 f6 c2 01 0f 85 2e 00 00 00 4d 33 ca 4d 33 ca
0x00007f5625069cba:   4d 8b 09 4c 8b da 49 c1 eb 02 4b 8b 04 19 49 bb
0x00007f5625069cca:   88 a6 0b 3c 56 7f 00 00 4c 33 d8 4c 33 d8 45 3b 

Register to memory mapping:

RAX=0x00007f563c07ab80: <offset 0xf90b80> in /usr/lib/jvm/java-8-oracle/jre/lib/amd64/server/libjvm.so at 0x00007f563b0ea000
RBX=0x00007f56343b21f8 is an unknown value
RCX=0x00007f563cae32c0: <offset 0x2182c0> in /lib/x86_64-linux-gnu/libpthread.so.0 at 0x00007f563c8cb000
RDX=0x0000000000000042 is an unknown value
RSP=0x00007f56048d64b8 is pointing into the stack for thread: 0x00007f56343b2000
RBP=0x00007f56048d64e0 is pointing into the stack for thread: 0x00007f56343b2000
RSI=0x0000000000000000 is an unknown value
RDI=0x00007f56343b21f8 is an unknown value
R8 =0x00000000d912efe6 is an unknown value
R9 =0x0000000000000000 is an unknown value
R10=0x00000000000000fe is an unknown value
R11=0x00007f562513de18 is at entry_point+24 in (nmethod*)0x00007f562513dc90
R12=0x00007f55ac1279d0 is an unknown value
R13=0x0000000000000000 is an unknown value
R14=0x00007f560d820820: <offset 0x258820> in /usr/lib/jvm/java-8-oracle/jre/lib/amd64/libawt_xawt.so at 0x00007f560d5c8000
R15=0x00007f56343b2000 is a thread


Stack: [0x00007f56047d7000,0x00007f56048d8000],  sp=0x00007f56048d64b8,  free space=1021k
Native frames: (J=compiled Java code, j=interpreted, Vv=VM code, C=native code)
v  ~BufferBlob::jni_fast_GetLongField
C  [libX11.so.6+0x643c0]  _XimServerDestroy+0x70

Java frames: (J=compiled Java code, j=interpreted, Vv=VM code)
J 2844  sun.awt.X11.XlibWrapper.XFilterEvent(JJ)Z (0 bytes) @ 0x00007f562513de44 [0x00007f562513de00+0x44]
j  sun.awt.X11.XToolkit.run(Z)V+300
j  sun.awt.X11.XToolkit.run()V+5
j  java.lang.Thread.run()V+11
v  ~StubRoutines::call_stub

---------------  P R O C E S S  ---------------

Java Threads: ( => current thread )
  0x00007f5634008000 JavaThread "DestroyJavaVM" [_thread_blocked, id=22572, stack(0x00007f563cbcd000,0x00007f563ccce000)]
  0x00007f56343fb800 JavaThread "AWT-EventQueue-0" [_thread_blocked, id=22599, stack(0x00007f56044d4000,0x00007f56045d5000)]
  0x00007f56343f9000 JavaThread "AWT-Shutdown" [_thread_blocked, id=22598, stack(0x00007f56045d5000,0x00007f56046d6000)]
=>0x00007f56343b2000 JavaThread "AWT-XAWT" daemon [_thread_in_native, id=22594, stack(0x00007f56047d7000,0x00007f56048d8000)]
  0x00007f5634394000 JavaThread "Java2D Disposer" daemon [_thread_blocked, id=22593, stack(0x00007f5604ce8000,0x00007f5604de9000)]
  0x00007f5634340000 JavaThread "TimerQueue" daemon [_thread_blocked, id=22592, stack(0x00007f560c32f000,0x00007f560c430000)]
  0x00007f5634211800 JavaThread "Service Thread" daemon [_thread_blocked, id=22589, stack(0x00007f560de0b000,0x00007f560df0c000)]
  0x00007f563420e800 JavaThread "C1 CompilerThread3" daemon [_thread_blocked, id=22588, stack(0x00007f560df0c000,0x00007f560e00d000)]
  0x00007f563420c000 JavaThread "C2 CompilerThread2" daemon [_thread_blocked, id=22587, stack(0x00007f560e00d000,0x00007f560e10e000)]
  0x00007f563420a800 JavaThread "C2 CompilerThread1" daemon [_thread_blocked, id=22586, stack(0x00007f560e10e000,0x00007f560e20f000)]
  0x00007f5634207800 JavaThread "C2 CompilerThread0" daemon [_thread_blocked, id=22585, stack(0x00007f560e20f000,0x00007f560e310000)]
  0x00007f5634203800 JavaThread "Signal Dispatcher" daemon [_thread_blocked, id=22584, stack(0x00007f560e310000,0x00007f560e411000)]
  0x00007f56341d1800 JavaThread "Finalizer" daemon [_thread_blocked, id=22583, stack(0x00007f560eaeb000,0x00007f560ebec000)]
  0x00007f56341cd000 JavaThread "Reference Handler" daemon [_thread_blocked, id=22582, stack(0x00007f560ebec000,0x00007f560eced000)]

Other Threads:
  0x00007f56341c5800 VMThread [stack: 0x00007f560eced000,0x00007f560edee000] [id=22581]
  0x00007f5634216800 WatcherThread [stack: 0x00007f560dd0a000,0x00007f560de0b000] [id=22590]

VM state:not at safepoint (normal execution)

VM Mutex/Monitor currently owned by a thread: None

Heap:
 PSYoungGen      total 49664K, used 30815K [0x000000076d180000, 0x0000000772480000, 0x00000007c0000000)
  eden space 48128K, 61% used [0x000000076d180000,0x000000076ee37d68,0x0000000770080000)
  from space 1536K, 91% used [0x0000000770180000,0x00000007702e0000,0x0000000770300000)
  to   space 18432K, 0% used [0x0000000771280000,0x0000000771280000,0x0000000772480000)
 ParOldGen       total 171008K, used 34668K [0x00000006c7400000, 0x00000006d1b00000, 0x000000076d180000)
  object space 171008K, 20% used [0x00000006c7400000,0x00000006c95db098,0x00000006d1b00000)
 Metaspace       used 12652K, capacity 12838K, committed 13056K, reserved 1060864K
  class space    used 1390K, capacity 1483K, committed 1536K, reserved 1048576K

Card table byte_map: [0x00007f56399fb000,0x00007f563a1c2000] byte_map_base: 0x00007f56363c1000

Marking Bits: (ParMarkBitMap*) 0x00007f563c0b9920
 Begin Bits: [0x00007f55f03a0000, 0x00007f55f41d0000)
 End Bits:   [0x00007f55f41d0000, 0x00007f55f8000000)

Polling page: 0x00007f563cd0c000

CodeCache: size=245760Kb used=8090Kb max_used=9908Kb free=237669Kb
 bounds [0x00007f5625000000, 0x00007f56259c0000, 0x00007f5634000000]
 total_blobs=2687 nmethods=2148 adapters=452
 compilation: enabled

Compilation events (10 events):
Event: 657,070 Thread 0x00007f563420e800 2843       3       sun.awt.X11.XEvent::getPData (5 bytes)
Event: 657,070 Thread 0x00007f563420e800 nmethod 2843 0x00007f5625804650 code [0x00007f56258047a0, 0x00007f56258048f0]
Event: 658,710 Thread 0x00007f563420e800 2845   !   3       sun.awt.X11.XToolkit::notifyListeners (100 bytes)
Event: 658,711 Thread 0x00007f563420e800 nmethod 2845 0x00007f5625781b50 code [0x00007f5625781e20, 0x00007f56257830b8]
Event: 659,772 Thread 0x00007f5634207800 2846       4       java.util.Arrays::copyOf (46 bytes)
Event: 659,778 Thread 0x00007f5634207800 nmethod 2846 0x00007f5625578a50 code [0x00007f5625578bc0, 0x00007f5625578f58]
Event: 844,405 Thread 0x00007f563420a800 2847       4       sun.awt.X11.XToolkit::getDisplay (20 bytes)
Event: 844,406 Thread 0x00007f563420a800 nmethod 2847 0x00007f56252503d0 code [0x00007f5625250500, 0x00007f5625250558]
Event: 1157,715 Thread 0x00007f563420e800 2848       3       java.util.Vector$Itr::hasNext (20 bytes)
Event: 1157,716 Thread 0x00007f563420e800 nmethod 2848 0x00007f56256533d0 code [0x00007f5625653540, 0x00007f5625653710]

GC Heap History (10 events):
Event: 79,804 GC heap before
{Heap before GC invocations=15 (full 0):
 PSYoungGen      total 73728K, used 54656K [0x000000076d180000, 0x0000000773180000, 0x00000007c0000000)
  eden space 53248K, 100% used [0x000000076d180000,0x0000000770580000,0x0000000770580000)
  from space 20480K, 6% used [0x0000000771d80000,0x0000000771ee0000,0x0000000773180000)
  to   space 22528K, 0% used [0x0000000770580000,0x0000000770580000,0x0000000771b80000)
 ParOldGen       total 171008K, used 33308K [0x00000006c7400000, 0x00000006d1b00000, 0x000000076d180000)
  object space 171008K, 19% used [0x00000006c7400000,0x00000006c9487098,0x00000006d1b00000)
 Metaspace       used 12624K, capacity 12838K, committed 13056K, reserved 1060864K
  class space    used 1390K, capacity 1483K, committed 1536K, reserved 1048576K
Event: 79,813 GC heap after
Heap after GC invocations=15 (full 0):
 PSYoungGen      total 53760K, used 1280K [0x000000076d180000, 0x0000000772f80000, 0x00000007c0000000)
  eden space 52224K, 0% used [0x000000076d180000,0x000000076d180000,0x0000000770480000)
  from space 1536K, 83% used [0x0000000770580000,0x00000007706c0000,0x0000000770700000)
  to   space 22016K, 0% used [0x0000000771a00000,0x0000000771a00000,0x0000000772f80000)
 ParOldGen       total 171008K, used 33636K [0x00000006c7400000, 0x00000006d1b00000, 0x000000076d180000)
  object space 171008K, 19% used [0x00000006c7400000,0x00000006c94d9098,0x00000006d1b00000)
 Metaspace       used 12624K, capacity 12838K, committed 13056K, reserved 1060864K
  class space    used 1390K, capacity 1483K, committed 1536K, reserved 1048576K
}
Event: 81,402 GC heap before
{Heap before GC invocations=16 (full 0):
 PSYoungGen      total 53760K, used 53504K [0x000000076d180000, 0x0000000772f80000, 0x00000007c0000000)
  eden space 52224K, 100% used [0x000000076d180000,0x0000000770480000,0x0000000770480000)
  from space 1536K, 83% used [0x0000000770580000,0x00000007706c0000,0x0000000770700000)
  to   space 22016K, 0% used [0x0000000771a00000,0x0000000771a00000,0x0000000772f80000)
 ParOldGen       total 171008K, used 33636K [0x00000006c7400000, 0x00000006d1b00000, 0x000000076d180000)
  object space 171008K, 19% used [0x00000006c7400000,0x00000006c94d9098,0x00000006d1b00000)
 Metaspace       used 12625K, capacity 12838K, committed 13056K, reserved 1060864K
  class space    used 1390K, capacity 1483K, committed 1536K, reserved 1048576K
Event: 81,413 GC heap after
Heap after GC invocations=16 (full 0):
 PSYoungGen      total 70144K, used 1024K [0x000000076d180000, 0x0000000772c80000, 0x00000007c0000000)
  eden space 51200K, 0% used [0x000000076d180000,0x000000076d180000,0x0000000770380000)
  from space 18944K, 5% used [0x0000000771a00000,0x0000000771b00000,0x0000000772c80000)
  to   space 20992K, 0% used [0x0000000770380000,0x0000000770380000,0x0000000771800000)
 ParOldGen       total 171008K, used 33908K [0x00000006c7400000, 0x00000006d1b00000, 0x000000076d180000)
  object space 171008K, 19% used [0x00000006c7400000,0x00000006c951d098,0x00000006d1b00000)
 Metaspace       used 12625K, capacity 12838K, committed 13056K, reserved 1060864K
  class space    used 1390K, capacity 1483K, committed 1536K, reserved 1048576K
}
Event: 82,660 GC heap before
{Heap before GC invocations=17 (full 0):
 PSYoungGen      total 70144K, used 52224K [0x000000076d180000, 0x0000000772c80000, 0x00000007c0000000)
  eden space 51200K, 100% used [0x000000076d180000,0x0000000770380000,0x0000000770380000)
  from space 18944K, 5% used [0x0000000771a00000,0x0000000771b00000,0x0000000772c80000)
  to   space 20992K, 0% used [0x0000000770380000,0x0000000770380000,0x0000000771800000)
 ParOldGen       total 171008K, used 33908K [0x00000006c7400000, 0x00000006d1b00000, 0x000000076d180000)
  object space 171008K, 19% used [0x00000006c7400000,0x00000006c951d098,0x00000006d1b00000)
 Metaspace       used 12625K, capacity 12838K, committed 13056K, reserved 1060864K
  class space    used 1390K, capacity 1483K, committed 1536K, reserved 1048576K
Event: 82,663 GC heap after
Heap after GC invocations=17 (full 0):
 PSYoungGen      total 51712K, used 1472K [0x000000076d180000, 0x0000000772a80000, 0x00000007c0000000)
  eden space 50176K, 0% used [0x000000076d180000,0x000000076d180000,0x0000000770280000)
  from space 1536K, 95% used [0x0000000770380000,0x00000007704f0000,0x0000000770500000)
  to   space 20480K, 0% used [0x0000000771680000,0x0000000771680000,0x0000000772a80000)
 ParOldGen       total 171008K, used 34108K [0x00000006c7400000, 0x00000006d1b00000, 0x000000076d180000)
  object space 171008K, 19% used [0x00000006c7400000,0x00000006c954f098,0x00000006d1b00000)
 Metaspace       used 12625K, capacity 12838K, committed 13056K, reserved 1060864K
  class space    used 1390K, capacity 1483K, committed 1536K, reserved 1048576K
}
Event: 337,238 GC heap before
{Heap before GC invocations=18 (full 0):
 PSYoungGen      total 51712K, used 51648K [0x000000076d180000, 0x0000000772a80000, 0x00000007c0000000)
  eden space 50176K, 100% used [0x000000076d180000,0x0000000770280000,0x0000000770280000)
  from space 1536K, 95% used [0x0000000770380000,0x00000007704f0000,0x0000000770500000)
  to   space 20480K, 0% used [0x0000000771680000,0x0000000771680000,0x0000000772a80000)
 ParOldGen       total 171008K, used 34108K [0x00000006c7400000, 0x00000006d1b00000, 0x000000076d180000)
  object space 171008K, 19% used [0x00000006c7400000,0x00000006c954f098,0x00000006d1b00000)
 Metaspace       used 12634K, capacity 12838K, committed 13056K, reserved 1060864K
  class space    used 1390K, capacity 1483K, committed 1536K, reserved 1048576K
Event: 337,241 GC heap after
Heap after GC invocations=18 (full 0):
 PSYoungGen      total 66560K, used 1088K [0x000000076d180000, 0x0000000772780000, 0x00000007c0000000)
  eden space 49152K, 0% used [0x000000076d180000,0x000000076d180000,0x0000000770180000)
  from space 17408K, 6% used [0x0000000771680000,0x0000000771790000,0x0000000772780000)
  to   space 19456K, 0% used [0x0000000770180000,0x0000000770180000,0x0000000771480000)
 ParOldGen       total 171008K, used 34484K [0x00000006c7400000, 0x00000006d1b00000, 0x000000076d180000)
  object space 171008K, 20% used [0x00000006c7400000,0x00000006c95ad098,0x00000006d1b00000)
 Metaspace       used 12634K, capacity 12838K, committed 13056K, reserved 1060864K
  class space    used 1390K, capacity 1483K, committed 1536K, reserved 1048576K
}
Event: 338,410 GC heap before
{Heap before GC invocations=19 (full 0):
 PSYoungGen      total 66560K, used 50240K [0x000000076d180000, 0x0000000772780000, 0x00000007c0000000)
  eden space 49152K, 100% used [0x000000076d180000,0x0000000770180000,0x0000000770180000)
  from space 17408K, 6% used [0x0000000771680000,0x0000000771790000,0x0000000772780000)
  to   space 19456K, 0% used [0x0000000770180000,0x0000000770180000,0x0000000771480000)
 ParOldGen       total 171008K, used 34484K [0x00000006c7400000, 0x00000006d1b00000, 0x000000076d180000)
  object space 171008K, 20% used [0x00000006c7400000,0x00000006c95ad098,0x00000006d1b00000)
 Metaspace       used 12634K, capacity 12838K, committed 13056K, reserved 1060864K
  class space    used 1390K, capacity 1483K, committed 1536K, reserved 1048576K
Event: 338,412 GC heap after
Heap after GC invocations=19 (full 0):
 PSYoungGen      total 49664K, used 1408K [0x000000076d180000, 0x0000000772480000, 0x00000007c0000000)
  eden space 48128K, 0% used [0x000000076d180000,0x000000076d180000,0x0000000770080000)
  from space 1536K, 91% used [0x0000000770180000,0x00000007702e0000,0x0000000770300000)
  to   space 18432K, 0% used [0x0000000771280000,0x0000000771280000,0x0000000772480000)
 ParOldGen       total 171008K, used 34668K [0x00000006c7400000, 0x00000006d1b00000, 0x000000076d180000)
  object space 171008K, 20% used [0x00000006c7400000,0x00000006c95db098,0x00000006d1b00000)
 Metaspace       used 12634K, capacity 12838K, committed 13056K, reserved 1060864K
  class space    used 1390K, capacity 1483K, committed 1536K, reserved 1048576K
}

Deoptimization events (10 events):
Event: 68,810 Thread 0x00007f56343fb800 Uncommon trap: reason=unstable_if action=reinterpret pc=0x00007f56258daa1c method=sun.awt.geom.Curve.rectCrossingsForQuad(IDDDDDDDDDDI)I @ 224
Event: 69,111 Thread 0x00007f56343fb800 Uncommon trap: reason=class_check action=maybe_recompile pc=0x00007f562584872c method=sun.font.Font2D.getStrike(Lsun/font/FontStrikeDesc;Z)Lsun/font/FontStrike; @ 51
Event: 73,947 Thread 0x00007f56343fb800 Uncommon trap: reason=speculate_class_check action=maybe_recompile pc=0x00007f56257abd6c method=java.awt.Container.mixOnReshaping()V @ 69
Event: 73,947 Thread 0x00007f56343fb800 Uncommon trap: reason=speculate_class_check action=maybe_recompile pc=0x00007f56257abd6c method=java.awt.Container.mixOnReshaping()V @ 69
Event: 73,947 Thread 0x00007f56343fb800 Uncommon trap: reason=speculate_class_check action=maybe_recompile pc=0x00007f56257abd6c method=java.awt.Container.mixOnReshaping()V @ 69
Event: 75,538 Thread 0x00007f56343fb800 Uncommon trap: reason=class_check action=maybe_recompile pc=0x00007f562584872c method=sun.font.Font2D.getStrike(Lsun/font/FontStrikeDesc;Z)Lsun/font/FontStrike; @ 51
Event: 78,029 Thread 0x00007f56343fb800 Uncommon trap: reason=class_check action=maybe_recompile pc=0x00007f562584872c method=sun.font.Font2D.getStrike(Lsun/font/FontStrikeDesc;Z)Lsun/font/FontStrike; @ 51
Event: 80,080 Thread 0x00007f56343fb800 Uncommon trap: reason=class_check action=maybe_recompile pc=0x00007f562584872c method=sun.font.Font2D.getStrike(Lsun/font/FontStrikeDesc;Z)Lsun/font/FontStrike; @ 51
Event: 360,412 Thread 0x00007f5634008000 Uncommon trap: reason=unstable_if action=reinterpret pc=0x00007f562536fd4c method=java.net.SocketInputStream.read([BIII)I @ 124
Event: 360,412 Thread 0x00007f5634008000 Uncommon trap: reason=unstable_if action=reinterpret pc=0x00007f5625355b68 method=sun.nio.cs.StreamDecoder.readBytes()I @ 142

Classes redefined (0 events):
No events

Internal exceptions (10 events):
Event: 66,102 Thread 0x00007f5634008000 Implicit null exception at 0x00007f5625682dda to 0x00007f5625683259
Event: 66,102 Thread 0x00007f5634008000 Implicit null exception at 0x00007f56257ce61f to 0x00007f56257ceaa5
Event: 66,102 Thread 0x00007f5634008000 Implicit null exception at 0x00007f5625656d99 to 0x00007f5625656f85
Event: 66,103 Thread 0x00007f5634008000 Implicit null exception at 0x00007f562576c2b6 to 0x00007f562576c721
Event: 66,103 Thread 0x00007f5634008000 Implicit null exception at 0x00007f562581733c to 0x00007f5625818765
Event: 66,109 Thread 0x00007f5634008000 Implicit null exception at 0x00007f562582f96a to 0x00007f5625832105
Event: 66,111 Thread 0x00007f5634008000 Implicit null exception at 0x00007f562583c73e to 0x00007f562583cc59
Event: 66,115 Thread 0x00007f56343fb800 Implicit null exception at 0x00007f56259476d4 to 0x00007f562594ada5
Event: 66,116 Thread 0x00007f56343fb800 Implicit null exception at 0x00007f56258db757 to 0x00007f56258dc645
Event: 68,684 Thread 0x00007f56343fb800 Implicit null exception at 0x00007f5625905f9b to 0x00007f562590be09

Events (10 events):
Event: 338,410 Executing VM operation: ParallelGCFailedAllocation
Event: 338,412 Executing VM operation: ParallelGCFailedAllocation done
Event: 360,412 Thread 0x00007f5634008000 Uncommon trap: trap_request=0xffffff65 fr.pc=0x00007f562536fd4c
Event: 360,412 Thread 0x00007f5634008000 DEOPT PACKING pc=0x00007f562536fd4c sp=0x00007f563cccc730
Event: 360,412 Thread 0x00007f5634008000 DEOPT UNPACKING pc=0x00007f562504573a sp=0x00007f563cccc6d0 mode 2
Event: 360,412 Thread 0x00007f5634008000 Uncommon trap: trap_request=0xffffff65 fr.pc=0x00007f5625355b68
Event: 360,412 Thread 0x00007f5634008000 DEOPT PACKING pc=0x00007f5625355b68 sp=0x00007f563cccc790
Event: 360,412 Thread 0x00007f5634008000 DEOPT UNPACKING pc=0x00007f562504573a sp=0x00007f563cccc5d8 mode 2
Event: 360,412 Thread 0x00007f5634008000 Thread exited: 0x00007f5634008000
Event: 360,412 Thread 0x00007f5634008000 Thread added: 0x00007f5634008000


Dynamic libraries:
00400000-00401000 r-xp 00000000 08:03 582222                             /usr/lib/jvm/java-8-oracle/jre/bin/java
00600000-00601000 rw-p 00000000 08:03 582222                             /usr/lib/jvm/java-8-oracle/jre/bin/java
01e07000-01e28000 rw-p 00000000 00:00 0                                  [heap]
6c7400000-6d1b00000 rw-p 00000000 00:00 0 
6d1b00000-76d180000 ---p 00000000 00:00 0 
76d180000-772480000 rw-p 00000000 00:00 0 
772480000-7c0000000 ---p 00000000 00:00 0 
7c0000000-7c0180000 rw-p 00000000 00:00 0 
7c0180000-800000000 ---p 00000000 00:00 0 
7f55ac000000-7f55ac316000 rw-p 00000000 00:00 0 
7f55ac316000-7f55b0000000 ---p 00000000 00:00 0 
7f55b4000000-7f55b4021000 rw-p 00000000 00:00 0 
7f55b4021000-7f55b8000000 ---p 00000000 00:00 0 
7f55b8000000-7f55b8021000 rw-p 00000000 00:00 0 
7f55b8021000-7f55bc000000 ---p 00000000 00:00 0 
7f55bc000000-7f55bc021000 rw-p 00000000 00:00 0 
7f55bc021000-7f55c0000000 ---p 00000000 00:00 0 
7f55c0000000-7f55c0025000 rw-p 00000000 00:00 0 
7f55c0025000-7f55c4000000 ---p 00000000 00:00 0 
7f55c4000000-7f55c4021000 rw-p 00000000 00:00 0 
7f55c4021000-7f55c8000000 ---p 00000000 00:00 0 
7f55c8000000-7f55c8021000 rw-p 00000000 00:00 0 
7f55c8021000-7f55cc000000 ---p 00000000 00:00 0 
7f55cc000000-7f55cc7b4000 rw-p 00000000 00:00 0 
7f55cc7b4000-7f55d0000000 ---p 00000000 00:00 0 
7f55d0000000-7f55d0021000 rw-p 00000000 00:00 0 
7f55d0021000-7f55d4000000 ---p 00000000 00:00 0 
7f55d4000000-7f55d5234000 rw-p 00000000 00:00 0 
7f55d5234000-7f55d8000000 ---p 00000000 00:00 0 
7f55d8000000-7f55d9131000 rw-p 00000000 00:00 0 
7f55d9131000-7f55dc000000 ---p 00000000 00:00 0 
7f55dc000000-7f55dc021000 rw-p 00000000 00:00 0 
7f55dc021000-7f55e0000000 ---p 00000000 00:00 0 
7f55e0000000-7f55e11ac000 rw-p 00000000 00:00 0 
7f55e11ac000-7f55e4000000 ---p 00000000 00:00 0 
7f55e4000000-7f55e4021000 rw-p 00000000 00:00 0 
7f55e4021000-7f55e8000000 ---p 00000000 00:00 0 
7f55e8000000-7f55e8021000 rw-p 00000000 00:00 0 
7f55e8021000-7f55ec000000 ---p 00000000 00:00 0 
7f55ec000000-7f55ec021000 rw-p 00000000 00:00 0 
7f55ec021000-7f55f0000000 ---p 00000000 00:00 0 
7f55f03a0000-7f55f8000000 rw-p 00000000 00:00 0 
7f55f8000000-7f55f8021000 rw-p 00000000 00:00 0 
7f55f8021000-7f55fc000000 ---p 00000000 00:00 0 
7f55fe86a000-7f55fe8d4000 r-xp 00000000 08:03 582507                     /usr/lib/jvm/java-8-oracle/jre/lib/amd64/libt2k.so
7f55fe8d4000-7f55fead3000 ---p 0006a000 08:03 582507                     /usr/lib/jvm/java-8-oracle/jre/lib/amd64/libt2k.so
7f55fead3000-7f55feada000 rw-p 00069000 08:03 582507                     /usr/lib/jvm/java-8-oracle/jre/lib/amd64/libt2k.so
7f55feada000-7f55feaea000 rw-p 00000000 00:00 0 
7f55fedf6000-7f55fedfd000 r--s 00000000 08:03 1113694                    /var/cache/fontconfig/4be9850f182b35c1350b6bbf2e42601c-le64.cache-6
7f55fedfd000-7f55fedff000 r--s 00000000 08:03 1113697                    /var/cache/fontconfig/30a99c4256905863f7aa12b5e873c27c-le64.cache-6
7f55fedff000-7f55fee03000 r--s 00000000 08:03 1113667                    /var/cache/fontconfig/6aa41aa22e18b8fa06a12da28ea9c28b-le64.cache-6
7f55ff234000-7f55ff374000 rw-p 00000000 00:00 0 
7f55ff374000-7f55ff434000 ---p 00000000 00:00 0 
7f55ff958000-7f55ff969000 r-xp 00000000 08:03 582547                     /usr/lib/jvm/java-8-oracle/jre/lib/amd64/libnio.so
7f55ff969000-7f55ffb68000 ---p 00011000 08:03 582547                     /usr/lib/jvm/java-8-oracle/jre/lib/amd64/libnio.so
7f55ffb68000-7f55ffb69000 rw-p 00010000 08:03 582547                     /usr/lib/jvm/java-8-oracle/jre/lib/amd64/libnio.so
7f55ffb69000-7f5600000000 rw-s 00000000 00:05 2457615                    /SYSV00000000 (deleted)
7f5600000000-7f5600021000 rw-p 00000000 00:00 0 
7f5600021000-7f5604000000 ---p 00000000 00:00 0 
7f5604001000-7f5604002000 r--s 00000000 08:03 1113645                    /var/cache/fontconfig/087e1975ba9a574b140bb1df193bf770-le64.cache-6
7f5604002000-7f560400d000 r--s 00000000 08:03 1113665                    /var/cache/fontconfig/945677eb7aeaf62f1d50efc3fb3ec7d8-le64.cache-6
7f560400d000-7f5604013000 r--s 00000000 08:03 1113655                    /var/cache/fontconfig/2cd17615ca594fa2959ae173292e504c-le64.cache-6
7f5604013000-7f5604014000 r--s 00000000 08:03 1113632                    /var/cache/fontconfig/0d8c3b2ac0904cb8a57a757ad11a4a08-le64.cache-6
7f5604014000-7f5604018000 r--s 00000000 08:03 1113644                    /var/cache/fontconfig/de156ccd2eddbdc19d37a45b8b2aac9c-le64.cache-6
7f5604018000-7f560402d000 r--s 00000000 08:03 1113631                    /var/cache/fontconfig/04aabc0a78ac019cf9454389977116d2-le64.cache-6
7f560402d000-7f560402e000 r--s 00000000 08:03 1113656                    /var/cache/fontconfig/1ac9eb803944fde146138c791f5cc56a-le64.cache-6
7f560402e000-7f5604032000 r--s 00000000 08:03 1113666                    /var/cache/fontconfig/385c0604a188198f04d133e54aba7fe7-le64.cache-6
7f5604032000-7f5604033000 r--s 00000000 08:03 1113698                    /var/cache/fontconfig/9c956a7723ca69a44b382d9179c9802f-le64.cache-6
7f5604033000-7f5604034000 r--s 00000000 08:03 1113658                    /var/cache/fontconfig/dc05db6664285cc2f12bf69c139ae4c3-le64.cache-6
7f5604034000-7f5604037000 r--s 00000000 08:03 1113630                    /var/cache/fontconfig/767a8244fc0220cfb567a839d0392e0b-le64.cache-6
7f5604037000-7f5604038000 r--s 00000000 08:03 1113678                    /var/cache/fontconfig/4794a0821666d79190d59a36cb4f44b5-le64.cache-6
7f5604038000-7f5604039000 r--s 00000000 08:03 1113691                    /var/cache/fontconfig/9eae20f1ff8cc0a7d125749e875856bd-le64.cache-6
7f5604039000-7f560403c000 r--s 00000000 08:03 1113696                    /var/cache/fontconfig/bf2c1853a9e9b00bb02fe2e9bcf1e201-le64.cache-6
7f560403c000-7f5604041000 r--s 00000000 08:03 1113629                    /var/cache/fontconfig/8801497958630a81b71ace7c5f9b32a8-le64.cache-6
7f5604041000-7f560407c000 r--s 00000000 08:03 1113681                    /var/cache/fontconfig/365b55f210c0a22e9a19e35191240f32-le64.cache-6
7f560407c000-7f5604080000 r--s 00000000 08:03 1113660                    /var/cache/fontconfig/c57959a16110560c8d0fcea73374aeeb-le64.cache-6
7f5604080000-7f5604081000 r--s 00000000 08:03 1113674                    /var/cache/fontconfig/bab58bb527bb656aaa9f116d68a48d89-le64.cache-6
7f5604081000-7f5604088000 r--s 00000000 08:03 1113628                    /var/cache/fontconfig/3047814df9a2f067bd2d96a2b9c36e5a-le64.cache-6
7f5604088000-7f5604090000 r--s 00000000 08:03 1113636                    /var/cache/fontconfig/bf3b770c553c462765856025a94f1ce6-le64.cache-6
7f5604090000-7f5604091000 r--s 00000000 08:03 1113659                    /var/cache/fontconfig/56cf4f4769d0f4abc89a4895d7bd3ae1-le64.cache-6
7f5604091000-7f5604097000 r--s 00000000 08:03 1113677                    /var/cache/fontconfig/b47c4e1ecd0709278f4910c18777a504-le64.cache-6
7f5604097000-7f560409a000 r--s 00000000 08:03 1113653                    /var/cache/fontconfig/14d493b97896515cad3840ba4896e372-le64.cache-6
7f560409a000-7f56040a2000 r--s 00000000 08:03 1113639                    /var/cache/fontconfig/ce677e824a231659fde4a3a246a10ea3-le64.cache-6
7f56040a2000-7f56040a5000 r--s 00000000 08:03 1113635                    /var/cache/fontconfig/e49e89034d371f0f9de17aab02136486-le64.cache-6
7f56040a5000-7f56040a7000 r--s 00000000 08:03 1113634                    /var/cache/fontconfig/4b14b093aebc79c320de5e86ae1d3314-le64.cache-6
7f56040a7000-7f56040d1000 r-xp 00000000 08:03 582493                     /usr/lib/jvm/java-8-oracle/jre/lib/amd64/libdcpr.so
7f56040d1000-7f56042d1000 ---p 0002a000 08:03 582493                     /usr/lib/jvm/java-8-oracle/jre/lib/amd64/libdcpr.so
7f56042d1000-7f56042d4000 rw-p 0002a000 08:03 582493                     /usr/lib/jvm/java-8-oracle/jre/lib/amd64/libdcpr.so
7f56042d4000-7f56044d4000 rw-p 00000000 00:00 0 
7f56044d4000-7f56044d7000 ---p 00000000 00:00 0 
7f56044d7000-7f56045d5000 rw-p 00000000 00:00 0 
7f56045d5000-7f56045d8000 ---p 00000000 00:00 0 
7f56045d8000-7f56046d6000 rw-p 00000000 00:00 0 
7f56046d6000-7f56046d9000 ---p 00000000 00:00 0 
7f56046d9000-7f56047d7000 rw-p 00000000 00:00 0 
7f56047d7000-7f56047da000 ---p 00000000 00:00 0 
7f56047da000-7f56048d8000 rw-p 00000000 00:00 0 
7f56048d8000-7f56048dd000 r-xp 00000000 08:03 572725                     /usr/lib/x86_64-linux-gnu/libXfixes.so.3.1.0
7f56048dd000-7f5604adc000 ---p 00005000 08:03 572725                     /usr/lib/x86_64-linux-gnu/libXfixes.so.3.1.0
7f5604adc000-7f5604add000 r--p 00004000 08:03 572725                     /usr/lib/x86_64-linux-gnu/libXfixes.so.3.1.0
7f5604add000-7f5604ade000 rw-p 00005000 08:03 572725                     /usr/lib/x86_64-linux-gnu/libXfixes.so.3.1.0
7f5604ade000-7f5604ae7000 r-xp 00000000 08:03 573440                     /usr/lib/x86_64-linux-gnu/libXcursor.so.1.0.2
7f5604ae7000-7f5604ce6000 ---p 00009000 08:03 573440                     /usr/lib/x86_64-linux-gnu/libXcursor.so.1.0.2
7f5604ce6000-7f5604ce7000 r--p 00008000 08:03 573440                     /usr/lib/x86_64-linux-gnu/libXcursor.so.1.0.2
7f5604ce7000-7f5604ce8000 rw-p 00009000 08:03 573440                     /usr/lib/x86_64-linux-gnu/libXcursor.so.1.0.2
7f5604ce8000-7f5604ceb000 ---p 00000000 00:00 0 
7f5604ceb000-7f5604de9000 rw-p 00000000 00:00 0 
7f5604de9000-7f5604dff000 r-xp 00000000 08:03 77039                      /lib/x86_64-linux-gnu/libgcc_s.so.1
7f5604dff000-7f5604ffe000 ---p 00016000 08:03 77039                      /lib/x86_64-linux-gnu/libgcc_s.so.1
7f5604ffe000-7f5604fff000 rw-p 00015000 08:03 77039                      /lib/x86_64-linux-gnu/libgcc_s.so.1
7f5604fff000-7f5608000000 rw-p 00000000 00:00 0 
7f5608000000-7f5608021000 rw-p 00000000 00:00 0 
7f5608021000-7f560c000000 ---p 00000000 00:00 0 
7f560c000000-7f560c001000 r--s 00000000 08:03 1113627                    /var/cache/fontconfig/b9d506c9ac06c20b433354fa67a72993-le64.cache-6
7f560c001000-7f560c014000 r--s 00000000 08:03 1113664                    /var/cache/fontconfig/d52a8644073d54c13679302ca1180695-le64.cache-6
7f560c014000-7f560c015000 r--s 00000000 08:03 1113668                    /var/cache/fontconfig/551ecf3b0e8b0bca0f25c0944f561853-le64.cache-6
7f560c015000-7f560c016000 r--s 00000000 08:03 1113643                    /var/cache/fontconfig/8a687c406b77f27d99abfeeba937fcce-le64.cache-6
7f560c016000-7f560c01b000 r--s 00000000 08:03 1113652                    /var/cache/fontconfig/75ad6aa2358a85f0de2c8ee4837e8227-le64.cache-6
7f560c01b000-7f560c01d000 r--s 00000000 08:03 1113695                    /var/cache/fontconfig/65f976e5259cbe6dc7697b8648396239-le64.cache-6
7f560c01d000-7f560c028000 r--s 00000000 08:03 1113626                    /var/cache/fontconfig/d589a48862398ed80a3d6066f4f56f4c-le64.cache-6
7f560c028000-7f560c02c000 r--s 00000000 08:03 1113693                    /var/cache/fontconfig/246184dc75a16901ca37d96895904249-le64.cache-6
7f560c02c000-7f560c02d000 r--s 00000000 08:03 1113692                    /var/cache/fontconfig/94f7fe9bd33aadfac165873bd010d595-le64.cache-6
7f560c02d000-7f560c02f000 r--s 00000000 08:03 1113670                    /var/cache/fontconfig/423767150eb258c59035de29db6fca84-le64.cache-6
7f560c02f000-7f560c030000 r--s 00000000 08:03 1113676                    /var/cache/fontconfig/406a1d2d2bf3ed7664fbadefac0b2f66-le64.cache-6
7f560c030000-7f560c032000 r--s 00000000 08:03 1113651                    /var/cache/fontconfig/67709b7835c0f764c1135060c9575660-le64.cache-6
7f560c032000-7f560c033000 r--s 00000000 08:03 1113625                    /var/cache/fontconfig/30829fa25452a46451e813d634d7f916-le64.cache-6
7f560c033000-7f560c041000 r--s 00000000 08:03 1113669                    /var/cache/fontconfig/198d8fcf01c96d0cf813f74fd759bdb7-le64.cache-6
7f560c041000-7f560c042000 r--s 00000000 08:03 1113680                    /var/cache/fontconfig/0c9eb80ebd1c36541ebe2852d3bb0c49-le64.cache-6
7f560c042000-7f560c045000 r--s 00000000 08:03 1113624                    /var/cache/fontconfig/75114ca45c98e8a441da0ff356701271-le64.cache-6
7f560c045000-7f560c050000 r--s 00000000 08:03 1113687                    /var/cache/fontconfig/83bf95040141907cd45bb53cf7c1c148-le64.cache-6
7f560c050000-7f560c062000 r--s 00000000 08:03 1113684                    /var/cache/fontconfig/9b89f8e3dae116d678bbf48e5f21f69b-le64.cache-6
7f560c062000-7f560c075000 r--s 00000000 08:03 1113689                    /var/cache/fontconfig/4ac51e5cfbc76fc3f983e470323a16d3-le64.cache-6
7f560c075000-7f560c095000 r--s 00000000 08:03 1113619                    /var/cache/fontconfig/e13b20fdb08344e0e664864cc2ede53d-le64.cache-6
7f560c095000-7f560c0b6000 r--s 00000000 08:03 1113637                    /var/cache/fontconfig/467c019e582ee353435ea5c21d137ef6-le64.cache-6
7f560c0b6000-7f560c11b000 r-xp 00000000 08:03 582525                     /usr/lib/jvm/java-8-oracle/jre/lib/amd64/libfontmanager.so
7f560c11b000-7f560c31a000 ---p 00065000 08:03 582525                     /usr/lib/jvm/java-8-oracle/jre/lib/amd64/libfontmanager.so
7f560c31a000-7f560c31f000 rw-p 00064000 08:03 582525                     /usr/lib/jvm/java-8-oracle/jre/lib/amd64/libfontmanager.so
7f560c31f000-7f560c32f000 rw-p 00000000 00:00 0 
7f560c32f000-7f560c332000 ---p 00000000 00:00 0 
7f560c332000-7f560c430000 rw-p 00000000 00:00 0 
7f560c430000-7f560c435000 r-xp 00000000 08:03 571825                     /usr/lib/x86_64-linux-gnu/libXdmcp.so.6.0.0
7f560c435000-7f560c634000 ---p 00005000 08:03 571825                     /usr/lib/x86_64-linux-gnu/libXdmcp.so.6.0.0
7f560c634000-7f560c635000 r--p 00004000 08:03 571825                     /usr/lib/x86_64-linux-gnu/libXdmcp.so.6.0.0
7f560c635000-7f560c636000 rw-p 00005000 08:03 571825                     /usr/lib/x86_64-linux-gnu/libXdmcp.so.6.0.0
7f560c636000-7f560c638000 r-xp 00000000 08:03 574528                     /usr/lib/x86_64-linux-gnu/libXau.so.6.0.0
7f560c638000-7f560c838000 ---p 00002000 08:03 574528                     /usr/lib/x86_64-linux-gnu/libXau.so.6.0.0
7f560c838000-7f560c839000 r--p 00002000 08:03 574528                     /usr/lib/x86_64-linux-gnu/libXau.so.6.0.0
7f560c839000-7f560c83a000 rw-p 00003000 08:03 574528                     /usr/lib/x86_64-linux-gnu/libXau.so.6.0.0
7f560c83a000-7f560c85b000 r-xp 00000000 08:03 573512                     /usr/lib/x86_64-linux-gnu/libxcb.so.1.1.0
7f560c85b000-7f560ca5a000 ---p 00021000 08:03 573512                     /usr/lib/x86_64-linux-gnu/libxcb.so.1.1.0
7f560ca5a000-7f560ca5b000 r--p 00020000 08:03 573512                     /usr/lib/x86_64-linux-gnu/libxcb.so.1.1.0
7f560ca5b000-7f560ca5c000 rw-p 00021000 08:03 573512                     /usr/lib/x86_64-linux-gnu/libxcb.so.1.1.0
7f560ca5c000-7f560ca6b000 r-xp 00000000 08:03 573583                     /usr/lib/x86_64-linux-gnu/libXi.so.6.1.0
7f560ca6b000-7f560cc6a000 ---p 0000f000 08:03 573583                     /usr/lib/x86_64-linux-gnu/libXi.so.6.1.0
7f560cc6a000-7f560cc6b000 r--p 0000e000 08:03 573583                     /usr/lib/x86_64-linux-gnu/libXi.so.6.1.0
7f560cc6b000-7f560cc6c000 rw-p 0000f000 08:03 573583                     /usr/lib/x86_64-linux-gnu/libXi.so.6.1.0
7f560cc6c000-7f560cc71000 r-xp 00000000 08:03 573934                     /usr/lib/x86_64-linux-gnu/libXtst.so.6.1.0
7f560cc71000-7f560ce70000 ---p 00005000 08:03 573934                     /usr/lib/x86_64-linux-gnu/libXtst.so.6.1.0
7f560ce70000-7f560ce71000 r--p 00004000 08:03 573934                     /usr/lib/x86_64-linux-gnu/libXtst.so.6.1.0
7f560ce71000-7f560ce72000 rw-p 00005000 08:03 573934                     /usr/lib/x86_64-linux-gnu/libXtst.so.6.1.0
7f560ce72000-7f560ce7b000 r-xp 00000000 08:03 568249                     /usr/lib/x86_64-linux-gnu/libXrender.so.1.3.0
7f560ce7b000-7f560d07a000 ---p 00009000 08:03 568249                     /usr/lib/x86_64-linux-gnu/libXrender.so.1.3.0
7f560d07a000-7f560d07b000 r--p 00008000 08:03 568249                     /usr/lib/x86_64-linux-gnu/libXrender.so.1.3.0
7f560d07b000-7f560d07c000 rw-p 00009000 08:03 568249                     /usr/lib/x86_64-linux-gnu/libXrender.so.1.3.0
7f560d07c000-7f560d1b1000 r-xp 00000000 08:03 573481                     /usr/lib/x86_64-linux-gnu/libX11.so.6.3.0
7f560d1b1000-7f560d3b1000 ---p 00135000 08:03 573481                     /usr/lib/x86_64-linux-gnu/libX11.so.6.3.0
7f560d3b1000-7f560d3b2000 r--p 00135000 08:03 573481                     /usr/lib/x86_64-linux-gnu/libX11.so.6.3.0
7f560d3b2000-7f560d3b6000 rw-p 00136000 08:03 573481                     /usr/lib/x86_64-linux-gnu/libX11.so.6.3.0
7f560d3b6000-7f560d3c7000 r-xp 00000000 08:03 571700                     /usr/lib/x86_64-linux-gnu/libXext.so.6.4.0
7f560d3c7000-7f560d5c6000 ---p 00011000 08:03 571700                     /usr/lib/x86_64-linux-gnu/libXext.so.6.4.0
7f560d5c6000-7f560d5c7000 r--p 00010000 08:03 571700                     /usr/lib/x86_64-linux-gnu/libXext.so.6.4.0
7f560d5c7000-7f560d5c8000 rw-p 00011000 08:03 571700                     /usr/lib/x86_64-linux-gnu/libXext.so.6.4.0
7f560d5c8000-7f560d61c000 r-xp 00000000 08:03 582551                     /usr/lib/jvm/java-8-oracle/jre/lib/amd64/libawt_xawt.so
7f560d61c000-7f560d81c000 ---p 00054000 08:03 582551                     /usr/lib/jvm/java-8-oracle/jre/lib/amd64/libawt_xawt.so
7f560d81c000-7f560d820000 rw-p 00054000 08:03 582551                     /usr/lib/jvm/java-8-oracle/jre/lib/amd64/libawt_xawt.so
7f560d820000-7f560d821000 rw-p 00000000 00:00 0 
7f560d821000-7f560d8c3000 r-xp 00000000 08:03 582537                     /usr/lib/jvm/java-8-oracle/jre/lib/amd64/libawt.so
7f560d8c3000-7f560dac3000 ---p 000a2000 08:03 582537                     /usr/lib/jvm/java-8-oracle/jre/lib/amd64/libawt.so
7f560dac3000-7f560dacf000 rw-p 000a2000 08:03 582537                     /usr/lib/jvm/java-8-oracle/jre/lib/amd64/libawt.so
7f560dacf000-7f560daf3000 rw-p 00000000 00:00 0 
7f560daf3000-7f560db09000 r-xp 00000000 08:03 582544                     /usr/lib/jvm/java-8-oracle/jre/lib/amd64/libnet.so
7f560db09000-7f560dd09000 ---p 00016000 08:03 582544                     /usr/lib/jvm/java-8-oracle/jre/lib/amd64/libnet.so
7f560dd09000-7f560dd0a000 rw-p 00016000 08:03 582544                     /usr/lib/jvm/java-8-oracle/jre/lib/amd64/libnet.so
7f560dd0a000-7f560dd0b000 ---p 00000000 00:00 0 
7f560dd0b000-7f560de0b000 rw-p 00000000 00:00 0 
7f560de0b000-7f560de0e000 ---p 00000000 00:00 0 
7f560de0e000-7f560df0c000 rw-p 00000000 00:00 0 
7f560df0c000-7f560df0f000 ---p 00000000 00:00 0 
7f560df0f000-7f560e00d000 rw-p 00000000 00:00 0 
7f560e00d000-7f560e010000 ---p 00000000 00:00 0 
7f560e010000-7f560e10e000 rw-p 00000000 00:00 0 
7f560e10e000-7f560e111000 ---p 00000000 00:00 0 
7f560e111000-7f560e20f000 rw-p 00000000 00:00 0 
7f560e20f000-7f560e212000 ---p 00000000 00:00 0 
7f560e212000-7f560e310000 rw-p 00000000 00:00 0 
7f560e310000-7f560e313000 ---p 00000000 00:00 0 
7f560e313000-7f560e411000 rw-p 00000000 00:00 0 
7f560e411000-7f560eaeb000 r--p 00000000 08:03 580427                     /usr/lib/locale/locale-archive
7f560eaeb000-7f560eaee000 ---p 00000000 00:00 0 
7f560eaee000-7f560ebec000 rw-p 00000000 00:00 0 
7f560ebec000-7f560ebef000 ---p 00000000 00:00 0 
7f560ebef000-7f560eced000 rw-p 00000000 00:00 0 
7f560eced000-7f560ecee000 ---p 00000000 00:00 0 
7f560ecee000-7f5610000000 rw-p 00000000 00:00 0 
7f5610000000-7f5610021000 rw-p 00000000 00:00 0 
7f5610021000-7f5614000000 ---p 00000000 00:00 0 
7f5614000000-7f5614021000 rw-p 00000000 00:00 0 
7f5614021000-7f5618000000 ---p 00000000 00:00 0 
7f5618000000-7f5618021000 rw-p 00000000 00:00 0 
7f5618021000-7f561c000000 ---p 00000000 00:00 0 
7f561c000000-7f561c021000 rw-p 00000000 00:00 0 
7f561c021000-7f5620000000 ---p 00000000 00:00 0 
7f5620000000-7f5620021000 rw-p 00000000 00:00 0 
7f5620021000-7f5624000000 ---p 00000000 00:00 0 
7f5624000000-7f5624009000 r--s 00000000 08:03 1113671                    /var/cache/fontconfig/d0972c3d32f097851eb916381fc38920-le64.cache-6
7f5624009000-7f562400b000 r--s 00000000 08:03 1113650                    /var/cache/fontconfig/6e6b34ae150a7ad95e82fb4a522f0bda-le64.cache-6
7f562400b000-7f5624012000 r--s 00000000 08:03 1113649                    /var/cache/fontconfig/53d14c92082a93e67d5078324eb314ca-le64.cache-6
7f5624012000-7f5624016000 r--s 00000000 08:03 1113647                    /var/cache/fontconfig/3629f2adf904f9a612908891fae71ceb-le64.cache-6
7f562402e000-7f5624063000 r--s 00000000 08:03 1114021                    /var/cache/nscd/hosts
7f5624063000-7f56240f9000 r--s 0110a000 08:03 582392                     /usr/lib/jvm/java-8-oracle/jre/lib/ext/jfxrt.jar
7f56240f9000-7f5625000000 rw-p 00000000 00:00 0 
7f5625000000-7f56259c0000 rwxp 00000000 00:00 0 
7f56259c0000-7f5634000000 ---p 00000000 00:00 0 
7f5634000000-7f5634678000 rw-p 00000000 00:00 0 
7f5634678000-7f5638000000 ---p 00000000 00:00 0 
7f5638000000-7f5638001000 r--s 00000000 08:03 1113685                    /var/cache/fontconfig/3334a778d104e76d188e9df399bc24d2-le64.cache-6
7f5638001000-7f5638003000 r--s 00000000 08:03 1113648                    /var/cache/fontconfig/43bfe21a9e1edebcf703d79ee2950b06-le64.cache-6
7f5638003000-7f5638006000 r--s 00000000 08:03 1113646                    /var/cache/fontconfig/de83a0a961185c8bd1f159015d56c039-le64.cache-6
7f5638006000-7f563800a000 r--s 00000000 08:03 1113618                    /var/cache/fontconfig/7ef2298fde41cc6eeb7af42e48b7d293-le64.cache-6
7f563800a000-7f563805e000 r--s 00506000 00:2b 124287031                  /usr/users2/2016/up201605270/Documents/CAL/CAL-SISTEMAS-TRANSPORTE/GraphViewerController.jar
7f563805e000-7f56382af000 rw-p 00000000 00:00 0 
7f56382af000-7f5638488000 r--s 03d64000 08:03 582329                     /usr/lib/jvm/java-8-oracle/jre/lib/rt.jar
7f5638488000-7f5638cc4000 rw-p 00000000 00:00 0 
7f5638cc4000-7f5638cc5000 ---p 00000000 00:00 0 
7f5638cc5000-7f5638dc5000 rw-p 00000000 00:00 0 
7f5638dc5000-7f5638dc6000 ---p 00000000 00:00 0 
7f5638dc6000-7f5638ec6000 rw-p 00000000 00:00 0 
7f5638ec6000-7f5638ec7000 ---p 00000000 00:00 0 
7f5638ec7000-7f5638fc7000 rw-p 00000000 00:00 0 
7f5638fc7000-7f5638fc8000 ---p 00000000 00:00 0 
7f5638fc8000-7f56390c8000 rw-p 00000000 00:00 0 
7f56390c8000-7f56390c9000 ---p 00000000 00:00 0 
7f56390c9000-7f56391c9000 rw-p 00000000 00:00 0 
7f56391c9000-7f56391ca000 ---p 00000000 00:00 0 
7f56391ca000-7f56392ca000 rw-p 00000000 00:00 0 
7f56392ca000-7f56392cb000 ---p 00000000 00:00 0 
7f56392cb000-7f56393cb000 rw-p 00000000 00:00 0 
7f56393cb000-7f56393cc000 ---p 00000000 00:00 0 
7f56393cc000-7f5639520000 rw-p 00000000 00:00 0 
7f5639520000-7f56399fb000 ---p 00000000 00:00 0 
7f56399fb000-7f5639a4f000 rw-p 00000000 00:00 0 
7f5639a4f000-7f5639f29000 ---p 00000000 00:00 0 
7f5639f29000-7f5639f54000 rw-p 00000000 00:00 0 
7f5639f54000-7f563a1c1000 ---p 00000000 00:00 0 
7f563a1c1000-7f563a1e9000 rw-p 00000000 00:00 0 
7f563a1e9000-7f563a582000 ---p 00000000 00:00 0 
7f563a582000-7f563a59d000 r-xp 00000000 08:03 582540                     /usr/lib/jvm/java-8-oracle/jre/lib/amd64/libzip.so
7f563a59d000-7f563a79d000 ---p 0001b000 08:03 582540                     /usr/lib/jvm/java-8-oracle/jre/lib/amd64/libzip.so
7f563a79d000-7f563a79e000 rw-p 0001b000 08:03 582540                     /usr/lib/jvm/java-8-oracle/jre/lib/amd64/libzip.so
7f563a79e000-7f563a7c9000 r-xp 00000000 08:03 582534                     /usr/lib/jvm/java-8-oracle/jre/lib/amd64/libjava.so
7f563a7c9000-7f563a9c8000 ---p 0002b000 08:03 582534                     /usr/lib/jvm/java-8-oracle/jre/lib/amd64/libjava.so
7f563a9c8000-7f563a9ca000 rw-p 0002a000 08:03 582534                     /usr/lib/jvm/java-8-oracle/jre/lib/amd64/libjava.so
7f563a9ca000-7f563a9d7000 r-xp 00000000 08:03 582539                     /usr/lib/jvm/java-8-oracle/jre/lib/amd64/libverify.so
7f563a9d7000-7f563abd7000 ---p 0000d000 08:03 582539                     /usr/lib/jvm/java-8-oracle/jre/lib/amd64/libverify.so
7f563abd7000-7f563abd9000 rw-p 0000d000 08:03 582539                     /usr/lib/jvm/java-8-oracle/jre/lib/amd64/libverify.so
7f563abd9000-7f563abe0000 r-xp 00000000 08:03 77167                      /lib/x86_64-linux-gnu/librt-2.23.so
7f563abe0000-7f563addf000 ---p 00007000 08:03 77167                      /lib/x86_64-linux-gnu/librt-2.23.so
7f563addf000-7f563ade0000 r--p 00006000 08:03 77167                      /lib/x86_64-linux-gnu/librt-2.23.so
7f563ade0000-7f563ade1000 rw-p 00007000 08:03 77167                      /lib/x86_64-linux-gnu/librt-2.23.so
7f563ade1000-7f563aee9000 r-xp 00000000 08:03 76990                      /lib/x86_64-linux-gnu/libm-2.23.so
7f563aee9000-7f563b0e8000 ---p 00108000 08:03 76990                      /lib/x86_64-linux-gnu/libm-2.23.so
7f563b0e8000-7f563b0e9000 r--p 00107000 08:03 76990                      /lib/x86_64-linux-gnu/libm-2.23.so
7f563b0e9000-7f563b0ea000 rw-p 00108000 08:03 76990                      /lib/x86_64-linux-gnu/libm-2.23.so
7f563b0ea000-7f563bdc3000 r-xp 00000000 08:03 582517                     /usr/lib/jvm/java-8-oracle/jre/lib/amd64/server/libjvm.so
7f563bdc3000-7f563bfc2000 ---p 00cd9000 08:03 582517                     /usr/lib/jvm/java-8-oracle/jre/lib/amd64/server/libjvm.so
7f563bfc2000-7f563c09b000 rw-p 00cd8000 08:03 582517                     /usr/lib/jvm/java-8-oracle/jre/lib/amd64/server/libjvm.so
7f563c09b000-7f563c0e7000 rw-p 00000000 00:00 0 
7f563c0e7000-7f563c2a7000 r-xp 00000000 08:03 77149                      /lib/x86_64-linux-gnu/libc-2.23.so
7f563c2a7000-7f563c4a7000 ---p 001c0000 08:03 77149                      /lib/x86_64-linux-gnu/libc-2.23.so
7f563c4a7000-7f563c4ab000 r--p 001c0000 08:03 77149                      /lib/x86_64-linux-gnu/libc-2.23.so
7f563c4ab000-7f563c4ad000 rw-p 001c4000 08:03 77149                      /lib/x86_64-linux-gnu/libc-2.23.so
7f563c4ad000-7f563c4b1000 rw-p 00000000 00:00 0 
7f563c4b1000-7f563c4b4000 r-xp 00000000 08:03 76983                      /lib/x86_64-linux-gnu/libdl-2.23.so
7f563c4b4000-7f563c6b3000 ---p 00003000 08:03 76983                      /lib/x86_64-linux-gnu/libdl-2.23.so
7f563c6b3000-7f563c6b4000 r--p 00002000 08:03 76983                      /lib/x86_64-linux-gnu/libdl-2.23.so
7f563c6b4000-7f563c6b5000 rw-p 00003000 08:03 76983                      /lib/x86_64-linux-gnu/libdl-2.23.so
7f563c6b5000-7f563c6cb000 r-xp 00000000 08:03 582512                     /usr/lib/jvm/java-8-oracle/jre/lib/amd64/jli/libjli.so
7f563c6cb000-7f563c8ca000 ---p 00016000 08:03 582512                     /usr/lib/jvm/java-8-oracle/jre/lib/amd64/jli/libjli.so
7f563c8ca000-7f563c8cb000 rw-p 00015000 08:03 582512                     /usr/lib/jvm/java-8-oracle/jre/lib/amd64/jli/libjli.so
7f563c8cb000-7f563c8e3000 r-xp 00000000 08:03 77212                      /lib/x86_64-linux-gnu/libpthread-2.23.so
7f563c8e3000-7f563cae2000 ---p 00018000 08:03 77212                      /lib/x86_64-linux-gnu/libpthread-2.23.so
7f563cae2000-7f563cae3000 r--p 00017000 08:03 77212                      /lib/x86_64-linux-gnu/libpthread-2.23.so
7f563cae3000-7f563cae4000 rw-p 00018000 08:03 77212                      /lib/x86_64-linux-gnu/libpthread-2.23.so
7f563cae4000-7f563cae8000 rw-p 00000000 00:00 0 
7f563cae8000-7f563cb0e000 r-xp 00000000 08:03 76967                      /lib/x86_64-linux-gnu/ld-2.23.so
7f563cb0e000-7f563cb0f000 r--s 00000000 08:03 1113661                    /var/cache/fontconfig/c277e94e32b20404286a1ddafa5a80f0-le64.cache-6
7f563cb0f000-7f563cb1c000 r--s 00000000 08:03 1113675                    /var/cache/fontconfig/8f02d4cb045bd6ce15663e43f347c9f8-le64.cache-6
7f563cb1c000-7f563cbc5000 rw-p 00000000 00:00 0 
7f563cbc5000-7f563cbcd000 rw-s 00000000 08:03 6011762                    /tmp/hsperfdata_up201605270/22571
7f563cbcd000-7f563cbd0000 ---p 00000000 00:00 0 
7f563cbd0000-7f563ccd3000 rw-p 00000000 00:00 0 
7f563ccd3000-7f563ccd5000 r--s 00000000 08:03 1113638                    /var/cache/fontconfig/16326683038b281783a0ef8c680e3a10-le64.cache-6
7f563ccd5000-7f563ccd6000 r--s 00000000 08:03 1113657                    /var/cache/fontconfig/e0aa53bcfa504e64f87823c16bc01eb6-le64.cache-6
7f563ccd6000-7f563cd0b000 r--s 00000000 08:03 1114019                    /var/cache/nscd/passwd
7f563cd0b000-7f563cd0c000 rw-p 00000000 00:00 0 
7f563cd0c000-7f563cd0d000 r--p 00000000 00:00 0 
7f563cd0d000-7f563cd0e000 r--p 00025000 08:03 76967                      /lib/x86_64-linux-gnu/ld-2.23.so
7f563cd0e000-7f563cd0f000 rw-p 00026000 08:03 76967                      /lib/x86_64-linux-gnu/ld-2.23.so
7f563cd0f000-7f563cd10000 rw-p 00000000 00:00 0 
7ffde315b000-7ffde317c000 rw-p 00000000 00:00 0                          [stack]
7ffde31c2000-7ffde31c4000 r--p 00000000 00:00 0                          [vvar]
7ffde31c4000-7ffde31c6000 r-xp 00000000 00:00 0                          [vdso]
ffffffffff600000-ffffffffff601000 r-xp 00000000 00:00 0                  [vsyscall]

VM Arguments:
java_command: GraphViewerController.jar --port 7772
java_class_path (initial): GraphViewerController.jar
Launcher Type: SUN_STANDARD

Environment Variables:
JAVA_HOME=/usr/lib/jvm/java-8-oracle
PATH=/usr/local/sbin:/usr/local/bin:/usr/sbin:/usr/bin:/sbin:/bin:/usr/games:/usr/local/games:/snap/bin:/usr/lib/jvm/java-8-oracle/bin:/usr/lib/jvm/java-8-oracle/db/bin:/usr/lib/jvm/java-8-oracle/jre/bin
SHELL=/bin/bash
DISPLAY=:0

Signal Handlers:
SIGSEGV: [libjvm.so+0xad01e0], sa_mask[0]=11111111011111111101111111111110, sa_flags=SA_RESTART|SA_SIGINFO
SIGBUS: [libjvm.so+0xad01e0], sa_mask[0]=11111111011111111101111111111110, sa_flags=SA_RESTART|SA_SIGINFO
SIGFPE: [libjvm.so+0x927fb0], sa_mask[0]=11111111011111111101111111111110, sa_flags=SA_RESTART|SA_SIGINFO
SIGPIPE: [libjvm.so+0x927fb0], sa_mask[0]=11111111011111111101111111111110, sa_flags=SA_RESTART|SA_SIGINFO
SIGXFSZ: [libjvm.so+0x927fb0], sa_mask[0]=11111111011111111101111111111110, sa_flags=SA_RESTART|SA_SIGINFO
SIGILL: [libjvm.so+0x927fb0], sa_mask[0]=11111111011111111101111111111110, sa_flags=SA_RESTART|SA_SIGINFO
SIGUSR1: SIG_DFL, sa_mask[0]=00000000000000000000000000000000, sa_flags=none
SIGUSR2: [libjvm.so+0x9297f0], sa_mask[0]=00000000000000000000000000000000, sa_flags=SA_RESTART|SA_SIGINFO
SIGHUP: [libjvm.so+0x92abf0], sa_mask[0]=11111111011111111101111111111110, sa_flags=SA_RESTART|SA_SIGINFO
SIGINT: [libjvm.so+0x92abf0], sa_mask[0]=11111111011111111101111111111110, sa_flags=SA_RESTART|SA_SIGINFO
SIGTERM: [libjvm.so+0x92abf0], sa_mask[0]=11111111011111111101111111111110, sa_flags=SA_RESTART|SA_SIGINFO
SIGQUIT: [libjvm.so+0x92abf0], sa_mask[0]=11111111011111111101111111111110, sa_flags=SA_RESTART|SA_SIGINFO


---------------  S Y S T E M  ---------------

OS:DISTRIB_ID=Ubuntu
DISTRIB_RELEASE=16.04
DISTRIB_CODENAME=xenial
DISTRIB_DESCRIPTION="Ubuntu 16.04.3 LTS"

uname:Linux 4.4.0-47-generic #68-Ubuntu SMP Wed Oct 26 19:39:52 UTC 2016 x86_64
libc:glibc 2.23 NPTL 2.23 
rlimit: STACK 8192k, CORE 0k, NPROC 63488, NOFILE 1048576, AS infinity
load average:0,14 0,23 0,18

/proc/meminfo:
MemTotal:       16293920 kB
MemFree:        11163364 kB
MemAvailable:   12773588 kB
Buffers:          433176 kB
Cached:          1848060 kB
SwapCached:            0 kB
Active:          3437212 kB
Inactive:        1294536 kB
Active(anon):    2452272 kB
Inactive(anon):   562936 kB
Active(file):     984940 kB
Inactive(file):   731600 kB
Unevictable:          48 kB
Mlocked:              48 kB
SwapTotal:             0 kB
SwapFree:              0 kB
Dirty:                92 kB
Writeback:             0 kB
AnonPages:       2449728 kB
Mapped:           420600 kB
Shmem:            564824 kB
Slab:             276712 kB
SReclaimable:     229836 kB
SUnreclaim:        46876 kB
KernelStack:       13872 kB
PageTables:        34012 kB
NFS_Unstable:          0 kB
Bounce:                0 kB
WritebackTmp:          0 kB
CommitLimit:     8146960 kB
Committed_AS:    9142252 kB
VmallocTotal:   34359738367 kB
VmallocUsed:           0 kB
VmallocChunk:          0 kB
HardwareCorrupted:     0 kB
AnonHugePages:   2011136 kB
CmaTotal:              0 kB
CmaFree:               0 kB
HugePages_Total:       0
HugePages_Free:        0
HugePages_Rsvd:        0
HugePages_Surp:        0
Hugepagesize:       2048 kB
DirectMap4k:      158692 kB
DirectMap2M:     4945920 kB
DirectMap1G:    12582912 kB


CPU:total 8 (initial active 8) (4 cores per cpu, 2 threads per core) family 6 model 94 stepping 3, cmov, cx8, fxsr, mmx, sse, sse2, sse3, ssse3, sse4.1, sse4.2, popcnt, avx, avx2, aes, clmul, erms, rtm, 3dnowpref, lzcnt, ht, tsc, tscinvbit, bmi1, bmi2, adx

/proc/cpuinfo:
processor	: 0
vendor_id	: GenuineIntel
cpu family	: 6
model		: 94
model name	: Intel(R) Core(TM) i7-6700 CPU @ 3.40GHz
stepping	: 3
microcode	: 0x8a
cpu MHz		: 1276.328
cache size	: 8192 KB
physical id	: 0
siblings	: 8
core id		: 0
cpu cores	: 4
apicid		: 0
initial apicid	: 0
fpu		: yes
fpu_exception	: yes
cpuid level	: 22
wp		: yes
flags		: fpu vme de pse tsc msr pae mce cx8 apic sep mtrr pge mca cmov pat pse36 clflush dts acpi mmx fxsr sse sse2 ss ht tm pbe syscall nx pdpe1gb rdtscp lm constant_tsc art arch_perfmon pebs bts rep_good nopl xtopology nonstop_tsc aperfmperf eagerfpu pni pclmulqdq dtes64 monitor ds_cpl vmx smx est tm2 ssse3 sdbg fma cx16 xtpr pdcm pcid sse4_1 sse4_2 x2apic movbe popcnt tsc_deadline_timer aes xsave avx f16c rdrand lahf_lm abm 3dnowprefetch epb intel_pt tpr_shadow vnmi flexpriority ept vpid fsgsbase tsc_adjust bmi1 hle avx2 smep bmi2 erms invpcid rtm mpx rdseed adx smap clflushopt xsaveopt xsavec xgetbv1 dtherm ida arat pln pts hwp hwp_notify hwp_act_window hwp_epp
bugs		:
bogomips	: 6816.61
clflush size	: 64
cache_alignment	: 64
address sizes	: 39 bits physical, 48 bits virtual
power management:

processor	: 1
vendor_id	: GenuineIntel
cpu family	: 6
model		: 94
model name	: Intel(R) Core(TM) i7-6700 CPU @ 3.40GHz
stepping	: 3
microcode	: 0x8a
cpu MHz		: 807.765
cache size	: 8192 KB
physical id	: 0
siblings	: 8
core id		: 1
cpu cores	: 4
apicid		: 2
initial apicid	: 2
fpu		: yes
fpu_exception	: yes
cpuid level	: 22
wp		: yes
flags		: fpu vme de pse tsc msr pae mce cx8 apic sep mtrr pge mca cmov pat pse36 clflush dts acpi mmx fxsr sse sse2 ss ht tm pbe syscall nx pdpe1gb rdtscp lm constant_tsc art arch_perfmon pebs bts rep_good nopl xtopology nonstop_tsc aperfmperf eagerfpu pni pclmulqdq dtes64 monitor ds_cpl vmx smx est tm2 ssse3 sdbg fma cx16 xtpr pdcm pcid sse4_1 sse4_2 x2apic movbe popcnt tsc_deadline_timer aes xsave avx f16c rdrand lahf_lm abm 3dnowprefetch epb intel_pt tpr_shadow vnmi flexpriority ept vpid fsgsbase tsc_adjust bmi1 hle avx2 smep bmi2 erms invpcid rtm mpx rdseed adx smap clflushopt xsaveopt xsavec xgetbv1 dtherm ida arat pln pts hwp hwp_notify hwp_act_window hwp_epp
bugs		:
bogomips	: 6816.61
clflush size	: 64
cache_alignment	: 64
address sizes	: 39 bits physical, 48 bits virtual
power management:

processor	: 2
vendor_id	: GenuineIntel
cpu family	: 6
model		: 94
model name	: Intel(R) Core(TM) i7-6700 CPU @ 3.40GHz
stepping	: 3
microcode	: 0x8a
cpu MHz		: 1783.140
cache size	: 8192 KB
physical id	: 0
siblings	: 8
core id		: 2
cpu cores	: 4
apicid		: 4
initial apicid	: 4
fpu		: yes
fpu_exception	: yes
cpuid level	: 22
wp		: yes
flags		: fpu vme de pse tsc msr pae mce cx8 apic sep mtrr pge mca cmov pat pse36 clflush dts acpi mmx fxsr sse sse2 ss ht tm pbe syscall nx pdpe1gb rdtscp lm constant_tsc art arch_perfmon pebs bts rep_good nopl xtopology nonstop_tsc aperfmperf eagerfpu pni pclmulqdq dtes64 monitor ds_cpl vmx smx est tm2 ssse3 sdbg fma cx16 xtpr pdcm pcid sse4_1 sse4_2 x2apic movbe popcnt tsc_deadline_timer aes xsave avx f16c rdrand lahf_lm abm 3dnowprefetch epb intel_pt tpr_shadow vnmi flexpriority ept vpid fsgsbase tsc_adjust bmi1 hle avx2 smep bmi2 erms invpcid rtm mpx rdseed adx smap clflushopt xsaveopt xsavec xgetbv1 dtherm ida arat pln pts hwp hwp_notify hwp_act_window hwp_epp
bugs		:
bogomips	: 6816.61
clflush size	: 64
cache_alignment	: 64
address sizes	: 39 bits physical, 48 bits virtual
power management:

processor	: 3
vendor_id	: GenuineIntel
cpu family	: 6
model		: 94
model name	: Intel(R) Core(TM) i7-6700 CPU @ 3.40GHz
stepping	: 3
microcode	: 0x8a
cpu MHz		: 802.453
cache size	: 8192 KB
physical id	: 0
siblings	: 8
core id		: 3
cpu cores	: 4
apicid		: 6
initial apicid	: 6
fpu		: yes
fpu_exception	: yes
cpuid level	: 22
wp		: yes
flags		: fpu vme de pse tsc msr pae mce cx8 apic sep mtrr pge mca cmov pat pse36 clflush dts acpi mmx fxsr sse sse2 ss ht tm pbe syscall nx pdpe1gb rdtscp lm constant_tsc art arch_perfmon pebs bts rep_good nopl xtopology nonstop_tsc aperfmperf eagerfpu pni pclmulqdq dtes64 monitor ds_cpl vmx smx est tm2 ssse3 sdbg fma cx16 xtpr pdcm pcid sse4_1 sse4_2 x2apic movbe popcnt tsc_deadline_timer aes xsave avx f16c rdrand lahf_lm abm 3dnowprefetch epb intel_pt tpr_shadow vnmi flexpriority ept vpid fsgsbase tsc_adjust bmi1 hle avx2 smep bmi2 erms invpcid rtm mpx rdseed adx smap clflushopt xsaveopt xsavec xgetbv1 dtherm ida arat pln pts hwp hwp_notify hwp_act_window hwp_epp
bugs		:
bogomips	: 6816.61
clflush size	: 64
cache_alignment	: 64
address sizes	: 39 bits physical, 48 bits virtual
power management:

processor	: 4
vendor_id	: GenuineIntel
cpu family	: 6
model		: 94
model name	: Intel(R) Core(TM) i7-6700 CPU @ 3.40GHz
stepping	: 3
microcode	: 0x8a
cpu MHz		: 802.718
cache size	: 8192 KB
physical id	: 0
siblings	: 8
core id		: 0
cpu cores	: 4
apicid		: 1
initial apicid	: 1
fpu		: yes
fpu_exception	: yes
cpuid level	: 22
wp		: yes
flags		: fpu vme de pse tsc msr pae mce cx8 apic sep mtrr pge mca cmov pat pse36 clflush dts acpi mmx fxsr sse sse2 ss ht tm pbe syscall nx pdpe1gb rdtscp lm constant_tsc art arch_perfmon pebs bts rep_good nopl xtopology nonstop_tsc aperfmperf eagerfpu pni pclmulqdq dtes64 monitor ds_cpl vmx smx est tm2 ssse3 sdbg fma cx16 xtpr pdcm pcid sse4_1 sse4_2 x2apic movbe popcnt tsc_deadline_timer aes xsave avx f16c rdrand lahf_lm abm 3dnowprefetch epb intel_pt tpr_shadow vnmi flexpriority ept vpid fsgsbase tsc_adjust bmi1 hle avx2 smep bmi2 erms invpcid rtm mpx rdseed adx smap clflushopt xsaveopt xsavec xgetbv1 dtherm ida arat pln pts hwp hwp_notify hwp_act_window hwp_epp
bugs		:
bogomips	: 6816.61
clflush size	: 64
cache_alignment	: 64
address sizes	: 39 bits physical, 48 bits virtual
power management:

processor	: 5
vendor_id	: GenuineIntel
cpu family	: 6
model		: 94
model name	: Intel(R) Core(TM) i7-6700 CPU @ 3.40GHz
stepping	: 3
microcode	: 0x8a
cpu MHz		: 1661.085
cache size	: 8192 KB
physical id	: 0
siblings	: 8
core id		: 1
cpu cores	: 4
apicid		: 3
initial apicid	: 3
fpu		: yes
fpu_exception	: yes
cpuid level	: 22
wp		: yes
flags		: fpu vme de pse tsc msr pae mce cx8 apic sep mtrr pge mca cmov pat pse36 clflush dts acpi mmx fxsr sse sse2 ss ht tm pbe syscall nx pdpe1gb rdtscp lm constant_tsc art arch_perfmon pebs bts rep_good nopl xtopology nonstop_tsc aperfmperf eagerfpu pni pclmulqdq dtes64 monitor ds_cpl vmx smx est tm2 ssse3 sdbg fma cx16 xtpr pdcm pcid sse4_1 sse4_2 x2apic movbe popcnt tsc_deadline_timer aes xsave avx f16c rdrand lahf_lm abm 3dnowprefetch epb intel_pt tpr_shadow vnmi flexpriority ept vpid fsgsbase tsc_adjust bmi1 hle avx2 smep bmi2 erms invpcid rtm mpx rdseed adx smap clflushopt xsaveopt xsavec xgetbv1 dtherm ida arat pln pts hwp hwp_notify hwp_act_window hwp_epp
bugs		:
bogomips	: 6816.61
clflush size	: 64
cache_alignment	: 64
address sizes	: 39 bits physical, 48 bits virtual
power management:

processor	: 6
vendor_id	: GenuineIntel
cpu family	: 6
model		: 94
model name	: Intel(R) Core(TM) i7-6700 CPU @ 3.40GHz
stepping	: 3
microcode	: 0x8a
cpu MHz		: 799.929
cache size	: 8192 KB
physical id	: 0
siblings	: 8
core id		: 2
cpu cores	: 4
apicid		: 5
initial apicid	: 5
fpu		: yes
fpu_exception	: yes
cpuid level	: 22
wp		: yes
flags		: fpu vme de pse tsc msr pae mce cx8 apic sep mtrr pge mca cmov pat pse36 clflush dts acpi mmx fxsr sse sse2 ss ht tm pbe syscall nx pdpe1gb rdtscp lm constant_tsc art arch_perfmon pebs bts rep_good nopl xtopology nonstop_tsc aperfmperf eagerfpu pni pclmulqdq dtes64 monitor ds_cpl vmx smx est tm2 ssse3 sdbg fma cx16 xtpr pdcm pcid sse4_1 sse4_2 x2apic movbe popcnt tsc_deadline_timer aes xsave avx f16c rdrand lahf_lm abm 3dnowprefetch epb intel_pt tpr_shadow vnmi flexpriority ept vpid fsgsbase tsc_adjust bmi1 hle avx2 smep bmi2 erms invpcid rtm mpx rdseed adx smap clflushopt xsaveopt xsavec xgetbv1 dtherm ida arat pln pts hwp hwp_notify hwp_act_window hwp_epp
bugs		:
bogomips	: 6816.61
clflush size	: 64
cache_alignment	: 64
address sizes	: 39 bits physical, 48 bits virtual
power management:

processor	: 7
vendor_id	: GenuineIntel
cpu family	: 6
model		: 94
model name	: Intel(R) Core(TM) i7-6700 CPU @ 3.40GHz
stepping	: 3
microcode	: 0x8a
cpu MHz		: 1122.929
cache size	: 8192 KB
physical id	: 0
siblings	: 8
core id		: 3
cpu cores	: 4
apicid		: 7
initial apicid	: 7
fpu		: yes
fpu_exception	: yes
cpuid level	: 22
wp		: yes
flags		: fpu vme de pse tsc msr pae mce cx8 apic sep mtrr pge mca cmov pat pse36 clflush dts acpi mmx fxsr sse sse2 ss ht tm pbe syscall nx pdpe1gb rdtscp lm constant_tsc art arch_perfmon pebs bts rep_good nopl xtopology nonstop_tsc aperfmperf eagerfpu pni pclmulqdq dtes64 monitor ds_cpl vmx smx est tm2 ssse3 sdbg fma cx16 xtpr pdcm pcid sse4_1 sse4_2 x2apic movbe popcnt tsc_deadline_timer aes xsave avx f16c rdrand lahf_lm abm 3dnowprefetch epb intel_pt tpr_shadow vnmi flexpriority ept vpid fsgsbase tsc_adjust bmi1 hle avx2 smep bmi2 erms invpcid rtm mpx rdseed adx smap clflushopt xsaveopt xsavec xgetbv1 dtherm ida arat pln pts hwp hwp_notify hwp_act_window hwp_epp
bugs		:
bogomips	: 6816.61
clflush size	: 64
cache_alignment	: 64
address sizes	: 39 bits physical, 48 bits virtual
power management:



Memory: 4k page, physical 16293920k(11169252k free), swap 0k(0k free)

vm_info: Java HotSpot(TM) 64-Bit Server VM (25.161-b12) for linux-amd64 JRE (1.8.0_161-b12), built on Dec 19 2017 16:12:43 by "java_re" with gcc 4.3.0 20080428 (Red Hat 4.3.0-8)

time: Tue Apr 10 18:17:34 2018
elapsed time: 1653 seconds (0d 0h 27m 33s)

